grassrobot/build/outputs/logs/manifest-merger-kinetic-debug-report.txt
-- Merging decision tree log ---
manifest
ADDED from src/main/AndroidManifest.xml:2:1-35:12
INJECTED from src/main/AndroidManifest.xml:2:1-35:12
INJECTED from src/main/AndroidManifest.xml:2:1-35:12
INJECTED from src/main/AndroidManifest.xml:2:1-35:12
MERGED from [com.github.rosjava.android_remocons:common_tools:0.3.0] AndroidManifest.xml:2:1-12:12
MERGED from [org.ros.android_core:android_core_components:0.4.0] AndroidManifest.xml:2:1-37:12
MERGED from [com.github.rosjava.android_extras:gingerbread:0.3.0] AndroidManifest.xml:2:1-12:12
MERGED from [com.github.rosjava.android_extras:zxing:0.3.0] AndroidManifest.xml:2:1-11:12
MERGED from [com.android.support:appcompat-v7:27.1.1] AndroidManifest.xml:17:1-22:12
MERGED from [com.android.support:support-v4:27.1.1] AndroidManifest.xml:17:1-22:12
MERGED from [com.android.support:support-fragment:27.1.1] AndroidManifest.xml:17:1-22:12
MERGED from [com.android.support:animated-vector-drawable:27.1.1] AndroidManifest.xml:17:1-22:12
MERGED from [com.android.support:support-core-ui:27.1.1] AndroidManifest.xml:17:1-22:12
MERGED from [com.android.support:support-core-utils:27.1.1] AndroidManifest.xml:17:1-22:12
MERGED from [com.android.support:support-vector-drawable:27.1.1] AndroidManifest.xml:17:1-22:12
MERGED from [com.android.support:support-media-compat:27.1.1] AndroidManifest.xml:17:1-22:12
MERGED from [com.android.support:support-compat:27.1.1] AndroidManifest.xml:17:1-22:12
MERGED from [android.arch.lifecycle:livedata-core:1.1.0] AndroidManifest.xml:17:1-22:12
MERGED from [android.arch.lifecycle:viewmodel:1.1.0] AndroidManifest.xml:17:1-22:12
MERGED from [android.arch.lifecycle:runtime:1.1.0] AndroidManifest.xml:17:1-22:12
MERGED from [android.arch.core:runtime:1.1.0] AndroidManifest.xml:17:1-22:12
INJECTED from src/main/AndroidManifest.xml:2:1-35:12
INJECTED from src/main/AndroidManifest.xml:2:1-35:12
INJECTED from src/main/AndroidManifest.xml:2:1-35:12
	package
		ADDED from src/main/AndroidManifest.xml:3:5-54
		INJECTED from src/main/AndroidManifest.xml
		INJECTED from src/main/AndroidManifest.xml
	android:versionName
		INJECTED from src/main/AndroidManifest.xml
		ADDED from src/main/AndroidManifest.xml:2:1-35:12
		INJECTED from src/main/AndroidManifest.xml
	xmlns:tools
		ADDED from src/main/AndroidManifest.xml:4:5-51
	android:versionCode
		INJECTED from src/main/AndroidManifest.xml
		ADDED from src/main/AndroidManifest.xml:2:1-35:12
		INJECTED from src/main/AndroidManifest.xml
	xmlns:android
		ADDED from src/main/AndroidManifest.xml:2:11-69
uses-permission#android.permission.INTERNET
ADDED from src/main/AndroidManifest.xml:6:5-67
	android:name
		ADDED from src/main/AndroidManifest.xml:6:22-64
uses-permission#android.permission.WAKE_LOCK
ADDED from src/main/AndroidManifest.xml:7:5-68
MERGED from [org.ros.android_core:android_core_components:0.4.0] AndroidManifest.xml:15:5-68
MERGED from [org.ros.android_core:android_core_components:0.4.0] AndroidManifest.xml:15:5-68
	android:name
		ADDED from src/main/AndroidManifest.xml:7:22-65
uses-permission#android.permission.FOREGROUND_SERVICE
ADDED from src/main/AndroidManifest.xml:8:5-77
MERGED from [org.ros.android_core:android_core_components:0.4.0] AndroidManifest.xml:17:5-77
MERGED from [org.ros.android_core:android_core_components:0.4.0] AndroidManifest.xml:17:5-77
	android:name
		ADDED from src/main/AndroidManifest.xml:8:22-74
application
ADDED from src/main/AndroidManifest.xml:10:5-34:19
MERGED from [org.ros.android_core:android_core_components:0.4.0] AndroidManifest.xml:19:5-35:19
MERGED from [org.ros.android_core:android_core_components:0.4.0] AndroidManifest.xml:19:5-35:19
	android:label
		ADDED from src/main/AndroidManifest.xml:11:18-50
		REJECTED from [org.ros.android_core:android_core_components:0.4.0] AndroidManifest.xml:21:9-41
	android:largeHeap
		ADDED from src/main/AndroidManifest.xml:12:18-42
	android:icon
		ADDED from src/main/AndroidManifest.xml:10:18-49
		REJECTED from [org.ros.android_core:android_core_components:0.4.0] AndroidManifest.xml:20:9-36
	tools:replace
		ADDED from src/main/AndroidManifest.xml:13:18-45
activity#com.github.rosjava.android_apps.teleop2.MainActivity
ADDED from src/main/AndroidManifest.xml:14:9-25:20
	android:screenOrientation
		ADDED from src/main/AndroidManifest.xml:16:19-56
	android:label
		ADDED from src/main/AndroidManifest.xml:15:19-51
	android:name
		ADDED from src/main/AndroidManifest.xml:14:19-86
intent-filter#action:name:android.intent.action.MAIN+category:name:android.intent.category.LAUNCHER
ADDED from src/main/AndroidManifest.xml:17:13-20:29
action#android.intent.action.MAIN
ADDED from src/main/AndroidManifest.xml:18:17-69
	android:name
		ADDED from src/main/AndroidManifest.xml:18:25-66
category#android.intent.category.LAUNCHER
ADDED from src/main/AndroidManifest.xml:19:17-77
	android:name
		ADDED from src/main/AndroidManifest.xml:19:27-74
intent-filter#action:name:com.github.rosjava.android_apps.teleop2.MainActivity+category:name:android.intent.category.DEFAULT
ADDED from src/main/AndroidManifest.xml:21:13-24:29
action#com.github.rosjava.android_apps.teleop2.MainActivity
ADDED from src/main/AndroidManifest.xml:22:17-95
	android:name
		ADDED from src/main/AndroidManifest.xml:22:25-92
category#android.intent.category.DEFAULT
ADDED from src/main/AndroidManifest.xml:23:17-76
	android:name
		ADDED from src/main/AndroidManifest.xml:23:27-73
activity#org.ros.android.MasterChooser
ADDED from src/main/AndroidManifest.xml:27:9-66
MERGED from [org.ros.android_core:android_core_components:0.4.0] AndroidManifest.xml:22:9-26:54
MERGED from [org.ros.android_core:android_core_components:0.4.0] AndroidManifest.xml:22:9-26:54
	android:label
		ADDED from [org.ros.android_core:android_core_components:0.4.0] AndroidManifest.xml:24:13-45
	android:launchMode
		ADDED from [org.ros.android_core:android_core_components:0.4.0] AndroidManifest.xml:25:13-42
	android:theme
		ADDED from [org.ros.android_core:android_core_components:0.4.0] AndroidManifest.xml:26:13-51
	android:name
		ADDED from src/main/AndroidManifest.xml:27:19-63
service#org.ros.android.NodeMainExecutorService
ADDED from src/main/AndroidManifest.xml:29:9-33:19
MERGED from [org.ros.android_core:android_core_components:0.4.0] AndroidManifest.xml:28:9-34:19
MERGED from [org.ros.android_core:android_core_components:0.4.0] AndroidManifest.xml:28:9-34:19
	tools:ignore
		ADDED from [org.ros.android_core:android_core_components:0.4.0] AndroidManifest.xml:30:13-43
	android:name
		ADDED from src/main/AndroidManifest.xml:29:18-72
intent-filter#action:name:org.ros.android.NodeMainExecutorService
ADDED from src/main/AndroidManifest.xml:30:13-32:29
action#org.ros.android.NodeMainExecutorService
ADDED from src/main/AndroidManifest.xml:31:17-82
	android:name
		ADDED from src/main/AndroidManifest.xml:31:25-79
uses-sdk
INJECTED from src/main/AndroidManifest.xml reason: use-sdk injection requested
INJECTED from src/main/AndroidManifest.xml
INJECTED from src/main/AndroidManifest.xml
MERGED from [com.github.rosjava.android_remocons:common_tools:0.3.0] AndroidManifest.xml:8:5-10:41
MERGED from [com.github.rosjava.android_remocons:common_tools:0.3.0] AndroidManifest.xml:8:5-10:41
MERGED from [org.ros.android_core:android_core_components:0.4.0] AndroidManifest.xml:8:5-10:41
MERGED from [org.ros.android_core:android_core_components:0.4.0] AndroidManifest.xml:8:5-10:41
MERGED from [com.github.rosjava.android_extras:gingerbread:0.3.0] AndroidManifest.xml:8:5-10:41
MERGED from [com.github.rosjava.android_extras:gingerbread:0.3.0] AndroidManifest.xml:8:5-10:41
MERGED from [com.github.rosjava.android_extras:zxing:0.3.0] AndroidManifest.xml:7:5-9:41
MERGED from [com.github.rosjava.android_extras:zxing:0.3.0] AndroidManifest.xml:7:5-9:41
MERGED from [com.android.support:appcompat-v7:27.1.1] AndroidManifest.xml:20:5-44
MERGED from [com.android.support:appcompat-v7:27.1.1] AndroidManifest.xml:20:5-44
MERGED from [com.android.support:support-v4:27.1.1] AndroidManifest.xml:20:5-44
MERGED from [com.android.support:support-v4:27.1.1] AndroidManifest.xml:20:5-44
MERGED from [com.android.support:support-fragment:27.1.1] AndroidManifest.xml:20:5-44
MERGED from [com.android.support:support-fragment:27.1.1] AndroidManifest.xml:20:5-44
MERGED from [com.android.support:animated-vector-drawable:27.1.1] AndroidManifest.xml:20:5-44
MERGED from [com.android.support:animated-vector-drawable:27.1.1] AndroidManifest.xml:20:5-44
MERGED from [com.android.support:support-core-ui:27.1.1] AndroidManifest.xml:20:5-44
MERGED from [com.android.support:support-core-ui:27.1.1] AndroidManifest.xml:20:5-44
MERGED from [com.android.support:support-core-utils:27.1.1] AndroidManifest.xml:20:5-44
MERGED from [com.android.support:support-core-utils:27.1.1] AndroidManifest.xml:20:5-44
MERGED from [com.android.support:support-vector-drawable:27.1.1] AndroidManifest.xml:20:5-44
MERGED from [com.android.support:support-vector-drawable:27.1.1] AndroidManifest.xml:20:5-44
MERGED from [com.android.support:support-media-compat:27.1.1] AndroidManifest.xml:20:5-44
MERGED from [com.android.support:support-media-compat:27.1.1] AndroidManifest.xml:20:5-44
MERGED from [com.android.support:support-compat:27.1.1] AndroidManifest.xml:20:5-44
MERGED from [com.android.support:support-compat:27.1.1] AndroidManifest.xml:20:5-44
MERGED from [android.arch.lifecycle:livedata-core:1.1.0] AndroidManifest.xml:20:5-44
MERGED from [android.arch.lifecycle:livedata-core:1.1.0] AndroidManifest.xml:20:5-44
MERGED from [android.arch.lifecycle:viewmodel:1.1.0] AndroidManifest.xml:20:5-44
MERGED from [android.arch.lifecycle:viewmodel:1.1.0] AndroidManifest.xml:20:5-44
MERGED from [android.arch.lifecycle:runtime:1.1.0] AndroidManifest.xml:20:5-44
MERGED from [android.arch.lifecycle:runtime:1.1.0] AndroidManifest.xml:20:5-44
MERGED from [android.arch.core:runtime:1.1.0] AndroidManifest.xml:20:5-44
MERGED from [android.arch.core:runtime:1.1.0] AndroidManifest.xml:20:5-44
INJECTED from src/main/AndroidManifest.xml
INJECTED from src/main/AndroidManifest.xml
	android:targetSdkVersion
		INJECTED from src/main/AndroidManifest.xml
		ADDED from src/main/AndroidManifest.xml
		INJECTED from src/main/AndroidManifest.xml
	android:minSdkVersion
		INJECTED from src/main/AndroidManifest.xml
		ADDED from src/main/AndroidManifest.xml
		INJECTED from src/main/AndroidManifest.xml
uses-permission#android.permission.WRITE_EXTERNAL_STORAGE
ADDED from [org.ros.android_core:android_core_components:0.4.0] AndroidManifest.xml:12:5-81
	android:name
		ADDED from [org.ros.android_core:android_core_components:0.4.0] AndroidManifest.xml:12:22-78
uses-permission#android.permission.ACCESS_WIFI_STATE
ADDED from [org.ros.android_core:android_core_components:0.4.0] AndroidManifest.xml:13:5-76
	android:name
		ADDED from [org.ros.android_core:android_core_components:0.4.0] AndroidManifest.xml:13:22-73
uses-permission#android.permission.CHANGE_WIFI_STATE
ADDED from [org.ros.android_core:android_core_components:0.4.0] AndroidManifest.xml:14:5-76
	android:name
		ADDED from [org.ros.android_core:android_core_components:0.4.0] AndroidManifest.xml:14:22-73
uses-permission#android.permission.SYSTEM_ALERT_WINDOW
ADDED from [org.ros.android_core:android_core_components:0.4.0] AndroidManifest.xml:16:5-78
	android:name
		ADDED from [org.ros.android_core:android_core_components:0.4.0] AndroidManifest.xml:16:22-75